Arguments: 
  C:\Program Files\nodejs\node.exe C:\Program Files (x86)\Yarn\bin\yarn.js add webpack

PATH: 
  C:\Program Files (x86)\Common Files\Oracle\Java\javapath;C:\Python38\Scripts\;C:\Python38\;C:\Windows\system32;C:\Windows;C:\Windows\System32\Wbem;C:\Windows\System32\WindowsPowerShell\v1.0\;C:\Windows\System32\OpenSSH\;C:\ProgramData\chocolatey\bin;C:\Program Files\nodejs\;C:\Windows\php\php-7.3.10;C:\ProgramData\ComposerSetup\bin;C:\Program Files (x86)\Yarn\bin\;C:\Program Files\Microsoft Network Monitor 3\;C:\Program Files\Git\cmd;C:\Ruby27-x64\bin;C:\Users\ghera\AppData\Local\Microsoft\WindowsApps;C:\Users\ghera\AppData\Local\Programs\Microsoft VS Code\bin;C:\Users\ghera\AppData\Local\hyper\app-3.0.2\resources\bin;C:\Users\ghera\AppData\Local\Google\Cloud SDK\google-cloud-sdk\bin;C:\Users\ghera\AppData\Roaming\npm;C:\Program Files\heroku\bin;C:\Users\ghera\AppData\Roaming\Composer\vendor\bin;C:\Users\ghera\AppData\Local\Yarn\bin

Yarn version: 
  1.19.1

Node version: 
  10.15.3

Platform: 
  win32 x64

Trace: 
  SyntaxError: C:\Users\ghera\Source\js-sha256\package.json: Unexpected token } in JSON at position 741
      at JSON.parse (<anonymous>)
      at C:\Program Files (x86)\Yarn\lib\cli.js:1625:59
      at Generator.next (<anonymous>)
      at step (C:\Program Files (x86)\Yarn\lib\cli.js:304:30)
      at C:\Program Files (x86)\Yarn\lib\cli.js:315:13

npm manifest: 
  {
    "name": "js-sha256",
    "version": "0.9.0",
    "description": "A simple SHA-256 / SHA-224 hash function for JavaScript supports UTF-8 encoding.",
    "main": "src/sha256.js",
    "devDependencies": {
      "expect.js": "~0.3.1",
      "mocha": "~2.3.4",
      "nyc": "^11.3.0",
      "remove": "^0.1.5",
      "ts-node": "^7.0.1",
      "uglify-js": "^3.1.9",
      "webworker-threads": "^0.7.13"
    },
    "scripts": {
      "test": "nyc mocha tests/node-test.js",
      "report": "nyc --reporter=html --reporter=text mocha tests/node-test.js",
      "coveralls": "nyc report --reporter=text-lcov | coveralls",
      "build": "uglifyjs src/sha256.js -c -m --comments -o build/sha256.min.js",
      "build-w": "webpack --config webpack.config.js --progress --colors",
    },
    "repository": {
      "type": "git",
      "url": "https://github.com/emn178/js-sha256.git"
    },
    "keywords": [
      "sha",
      "sha2",
      "sha224",
      "sha256",
      "hash",
      "encryption",
      "cryptography",
      "HMAC"
    ],
    "license": "MIT",
    "author": "Chen, Yi-Cyuan <emn178@gmail.com>",
    "homepage": "https://github.com/emn178/js-sha256",
    "bugs": {
      "url": "https://github.com/emn178/js-sha256/issues"
    },
    "nyc": {
      "exclude": [
        "tests"
      ]
    }
  }

yarn manifest: 
  No manifest

Lockfile: 
  No lockfile
